2023-12-21T23:26:24.701Z 0: 

----------------------------------------------
2023-12-21T23:26:24.712Z 1: Discord starting: {"releaseChannel":"stable","version":"0.0.39"}, modulepath: /home/leonardo/.config/discord/0.0.39/modules
2023-12-21T23:26:24.715Z 2: ✅ webContents.created web1 ""
2023-12-21T23:26:24.718Z 3: ✅ window.created win1 "discord"
2023-12-21T23:26:24.840Z 4: ✅ webContents.did-finish-load web1
2023-12-21T23:26:28.933Z 5: ✅ webContents.created web2 ""
2023-12-21T23:26:28.938Z 6: ✅ window.created win2 "Discord"
2023-12-21T23:26:30.288Z 7: ✅ webContents.did-finish-load web2
2023-12-21T23:26:30.387Z 8: window.close win1
2023-12-21T23:26:30.556Z 9: webContents.destroyed web1
2023-12-21T23:26:30.559Z 10: window.closed win1
2023-12-21T23:31:37.925Z 11: window.close win2
2023-12-21T23:31:40.628Z 12: before-quit
2023-12-21T23:33:17.474Z 0: 

----------------------------------------------
2023-12-21T23:33:17.491Z 1: Discord starting: {"releaseChannel":"stable","version":"0.0.39"}, modulepath: /home/leonardo/.config/discord/0.0.39/modules
2023-12-21T23:33:17.495Z 2: ✅ webContents.created web1 ""
2023-12-21T23:33:17.500Z 3: ✅ window.created win1 "discord"
2023-12-21T23:33:17.666Z 4: ✅ webContents.did-finish-load web1
2023-12-21T23:33:17.926Z 5: ✅ webContents.created web2 ""
2023-12-21T23:33:17.929Z 6: ✅ window.created win2 "Discord"
2023-12-21T23:33:19.506Z 7: ✅ webContents.did-finish-load web2
2023-12-21T23:33:19.605Z 8: window.close win1
2023-12-21T23:33:19.693Z 9: webContents.destroyed web1
2023-12-21T23:33:19.697Z 10: window.closed win1
2023-12-22T00:11:02.482Z 11: window.close win2
2023-12-22T00:11:04.250Z 12: before-quit
