2023-12-21T23:26:24.685Z [Modules] Modules initializing
2023-12-21T23:26:24.685Z [Modules] Distribution: remote
2023-12-21T23:26:24.685Z [Modules] Host updates: enabled
2023-12-21T23:26:24.685Z [Modules] Module updates: enabled
2023-12-21T23:26:24.685Z [Modules] Module install path: /home/leonardo/.config/discord/0.0.39/modules
2023-12-21T23:26:24.685Z [Modules] Module installed file path: /home/leonardo/.config/discord/0.0.39/modules/installed.json
2023-12-21T23:26:24.686Z [Modules] Module download path: /home/leonardo/.config/discord/0.0.39/modules/pending
2023-12-21T23:26:24.801Z [Modules] Bootstrapping...
2023-12-21T23:26:24.802Z [Modules] Installing discord_desktop_core@0 from /opt/discord/resources/bootstrap/discord_desktop_core.zip
2023-12-21T23:26:24.804Z [Modules] Failed installing discord_desktop_core@0: Error: ENOENT: no such file or directory, open '/opt/discord/resources/bootstrap/discord_desktop_core.zip'
2023-12-21T23:26:24.805Z [Modules] Installing discord_erlpack@0 from /opt/discord/resources/bootstrap/discord_erlpack.zip
2023-12-21T23:26:24.806Z [Modules] Failed installing discord_erlpack@0: Error: ENOENT: no such file or directory, open '/opt/discord/resources/bootstrap/discord_erlpack.zip'
2023-12-21T23:26:24.806Z [Modules] Installing discord_spellcheck@0 from /opt/discord/resources/bootstrap/discord_spellcheck.zip
2023-12-21T23:26:24.807Z [Modules] Failed installing discord_spellcheck@0: Error: ENOENT: no such file or directory, open '/opt/discord/resources/bootstrap/discord_spellcheck.zip'
2023-12-21T23:26:24.807Z [Modules] Installing discord_utils@0 from /opt/discord/resources/bootstrap/discord_utils.zip
2023-12-21T23:26:24.808Z [Modules] Failed installing discord_utils@0: Error: ENOENT: no such file or directory, open '/opt/discord/resources/bootstrap/discord_utils.zip'
2023-12-21T23:26:24.809Z [Modules] Installing discord_voice@0 from /opt/discord/resources/bootstrap/discord_voice.zip
2023-12-21T23:26:24.809Z [Modules] Failed installing discord_voice@0: Error: ENOENT: no such file or directory, open '/opt/discord/resources/bootstrap/discord_voice.zip'
2023-12-21T23:26:24.810Z [Modules] Finished module installations. [success: 0] [failure: 5]
2023-12-21T23:26:24.810Z [Modules] Checking for host updates.
2023-12-21T23:26:25.087Z [Modules] Host is up to date.
2023-12-21T23:26:25.087Z [Modules] Checking for module updates at https://discord.com/api/modules/stable/versions.json
2023-12-21T23:26:25.247Z [Modules] Module update available: discord_desktop_core@1 [installed: 0]
2023-12-21T23:26:25.247Z [Modules] Module update available: discord_erlpack@1 [installed: 0]
2023-12-21T23:26:25.247Z [Modules] Module update available: discord_spellcheck@1 [installed: 0]
2023-12-21T23:26:25.247Z [Modules] Module update available: discord_utils@1 [installed: 0]
2023-12-21T23:26:25.247Z [Modules] Module update available: discord_voice@1 [installed: 0]
2023-12-21T23:26:25.247Z [Modules] Fetching discord_desktop_core@1 from https://discord.com/api/modules/stable/discord_desktop_core/1
2023-12-21T23:26:25.247Z [Modules] Streaming discord_desktop_core@1 to /home/leonardo/.config/discord/0.0.39/modules/pending/discord_desktop_core-1.zip
2023-12-21T23:26:25.622Z [Modules] Streaming discord_desktop_core@1 to /home/leonardo/.config/discord/0.0.39/modules/pending/discord_desktop_core-1.zip: 1%
2023-12-21T23:26:25.628Z [Modules] Streaming discord_desktop_core@1 to /home/leonardo/.config/discord/0.0.39/modules/pending/discord_desktop_core-1.zip: 2%
2023-12-21T23:26:25.633Z [Modules] Streaming discord_desktop_core@1 to /home/leonardo/.config/discord/0.0.39/modules/pending/discord_desktop_core-1.zip: 5%
2023-12-21T23:26:25.634Z [Modules] Streaming discord_desktop_core@1 to /home/leonardo/.config/discord/0.0.39/modules/pending/discord_desktop_core-1.zip: 6%
2023-12-21T23:26:25.639Z [Modules] Streaming discord_desktop_core@1 to /home/leonardo/.config/discord/0.0.39/modules/pending/discord_desktop_core-1.zip: 9%
2023-12-21T23:26:25.640Z [Modules] Streaming discord_desktop_core@1 to /home/leonardo/.config/discord/0.0.39/modules/pending/discord_desktop_core-1.zip: 13%
2023-12-21T23:26:25.640Z [Modules] Streaming discord_desktop_core@1 to /home/leonardo/.config/discord/0.0.39/modules/pending/discord_desktop_core-1.zip: 16%
2023-12-21T23:26:25.641Z [Modules] Streaming discord_desktop_core@1 to /home/leonardo/.config/discord/0.0.39/modules/pending/discord_desktop_core-1.zip: 19%
2023-12-21T23:26:25.645Z [Modules] Streaming discord_desktop_core@1 to /home/leonardo/.config/discord/0.0.39/modules/pending/discord_desktop_core-1.zip: 22%
2023-12-21T23:26:25.645Z [Modules] Streaming discord_desktop_core@1 to /home/leonardo/.config/discord/0.0.39/modules/pending/discord_desktop_core-1.zip: 25%
2023-12-21T23:26:25.646Z [Modules] Streaming discord_desktop_core@1 to /home/leonardo/.config/discord/0.0.39/modules/pending/discord_desktop_core-1.zip: 27%
2023-12-21T23:26:25.646Z [Modules] Streaming discord_desktop_core@1 to /home/leonardo/.config/discord/0.0.39/modules/pending/discord_desktop_core-1.zip: 30%
2023-12-21T23:26:25.647Z [Modules] Streaming discord_desktop_core@1 to /home/leonardo/.config/discord/0.0.39/modules/pending/discord_desktop_core-1.zip: 33%
2023-12-21T23:26:25.647Z [Modules] Streaming discord_desktop_core@1 to /home/leonardo/.config/discord/0.0.39/modules/pending/discord_desktop_core-1.zip: 34%
2023-12-21T23:26:25.648Z [Modules] Streaming discord_desktop_core@1 to /home/leonardo/.config/discord/0.0.39/modules/pending/discord_desktop_core-1.zip: 37%
2023-12-21T23:26:25.648Z [Modules] Streaming discord_desktop_core@1 to /home/leonardo/.config/discord/0.0.39/modules/pending/discord_desktop_core-1.zip: 40%
2023-12-21T23:26:25.649Z [Modules] Streaming discord_desktop_core@1 to /home/leonardo/.config/discord/0.0.39/modules/pending/discord_desktop_core-1.zip: 43%
2023-12-21T23:26:25.649Z [Modules] Streaming discord_desktop_core@1 to /home/leonardo/.config/discord/0.0.39/modules/pending/discord_desktop_core-1.zip: 45%
2023-12-21T23:26:25.650Z [Modules] Streaming discord_desktop_core@1 to /home/leonardo/.config/discord/0.0.39/modules/pending/discord_desktop_core-1.zip: 48%
2023-12-21T23:26:25.651Z [Modules] Streaming discord_desktop_core@1 to /home/leonardo/.config/discord/0.0.39/modules/pending/discord_desktop_core-1.zip: 51%
2023-12-21T23:26:25.651Z [Modules] Streaming discord_desktop_core@1 to /home/leonardo/.config/discord/0.0.39/modules/pending/discord_desktop_core-1.zip: 52%
2023-12-21T23:26:25.652Z [Modules] Streaming discord_desktop_core@1 to /home/leonardo/.config/discord/0.0.39/modules/pending/discord_desktop_core-1.zip: 55%
2023-12-21T23:26:25.652Z [Modules] Streaming discord_desktop_core@1 to /home/leonardo/.config/discord/0.0.39/modules/pending/discord_desktop_core-1.zip: 58%
2023-12-21T23:26:25.653Z [Modules] Streaming discord_desktop_core@1 to /home/leonardo/.config/discord/0.0.39/modules/pending/discord_desktop_core-1.zip: 61%
2023-12-21T23:26:25.653Z [Modules] Streaming discord_desktop_core@1 to /home/leonardo/.config/discord/0.0.39/modules/pending/discord_desktop_core-1.zip: 64%
2023-12-21T23:26:25.654Z [Modules] Streaming discord_desktop_core@1 to /home/leonardo/.config/discord/0.0.39/modules/pending/discord_desktop_core-1.zip: 67%
2023-12-21T23:26:25.654Z [Modules] Streaming discord_desktop_core@1 to /home/leonardo/.config/discord/0.0.39/modules/pending/discord_desktop_core-1.zip: 70%
2023-12-21T23:26:25.655Z [Modules] Streaming discord_desktop_core@1 to /home/leonardo/.config/discord/0.0.39/modules/pending/discord_desktop_core-1.zip: 73%
2023-12-21T23:26:25.655Z [Modules] Streaming discord_desktop_core@1 to /home/leonardo/.config/discord/0.0.39/modules/pending/discord_desktop_core-1.zip: 76%
2023-12-21T23:26:25.656Z [Modules] Streaming discord_desktop_core@1 to /home/leonardo/.config/discord/0.0.39/modules/pending/discord_desktop_core-1.zip: 79%
2023-12-21T23:26:25.657Z [Modules] Streaming discord_desktop_core@1 to /home/leonardo/.config/discord/0.0.39/modules/pending/discord_desktop_core-1.zip: 80%
2023-12-21T23:26:25.657Z [Modules] Streaming discord_desktop_core@1 to /home/leonardo/.config/discord/0.0.39/modules/pending/discord_desktop_core-1.zip: 82%
2023-12-21T23:26:25.657Z [Modules] Streaming discord_desktop_core@1 to /home/leonardo/.config/discord/0.0.39/modules/pending/discord_desktop_core-1.zip: 85%
2023-12-21T23:26:25.659Z [Modules] Streaming discord_desktop_core@1 to /home/leonardo/.config/discord/0.0.39/modules/pending/discord_desktop_core-1.zip: 91%
2023-12-21T23:26:25.659Z [Modules] Streaming discord_desktop_core@1 to /home/leonardo/.config/discord/0.0.39/modules/pending/discord_desktop_core-1.zip: 92%
2023-12-21T23:26:25.660Z [Modules] Streaming discord_desktop_core@1 to /home/leonardo/.config/discord/0.0.39/modules/pending/discord_desktop_core-1.zip: 95%
2023-12-21T23:26:25.660Z [Modules] Streaming discord_desktop_core@1 to /home/leonardo/.config/discord/0.0.39/modules/pending/discord_desktop_core-1.zip: 99%
2023-12-21T23:26:25.660Z [Modules] Streaming discord_desktop_core@1 to /home/leonardo/.config/discord/0.0.39/modules/pending/discord_desktop_core-1.zip: 100%
2023-12-21T23:26:25.661Z [Modules] Fetching discord_erlpack@1 from https://discord.com/api/modules/stable/discord_erlpack/1
2023-12-21T23:26:25.661Z [Modules] Streaming discord_erlpack@1 to /home/leonardo/.config/discord/0.0.39/modules/pending/discord_erlpack-1.zip
2023-12-21T23:26:25.995Z [Modules] Streaming discord_erlpack@1 to /home/leonardo/.config/discord/0.0.39/modules/pending/discord_erlpack-1.zip: 3%
2023-12-21T23:26:25.997Z [Modules] Streaming discord_erlpack@1 to /home/leonardo/.config/discord/0.0.39/modules/pending/discord_erlpack-1.zip: 7%
2023-12-21T23:26:25.997Z [Modules] Streaming discord_erlpack@1 to /home/leonardo/.config/discord/0.0.39/modules/pending/discord_erlpack-1.zip: 14%
2023-12-21T23:26:25.998Z [Modules] Streaming discord_erlpack@1 to /home/leonardo/.config/discord/0.0.39/modules/pending/discord_erlpack-1.zip: 19%
2023-12-21T23:26:25.998Z [Modules] Streaming discord_erlpack@1 to /home/leonardo/.config/discord/0.0.39/modules/pending/discord_erlpack-1.zip: 23%
2023-12-21T23:26:25.999Z [Modules] Streaming discord_erlpack@1 to /home/leonardo/.config/discord/0.0.39/modules/pending/discord_erlpack-1.zip: 26%
2023-12-21T23:26:25.999Z [Modules] Streaming discord_erlpack@1 to /home/leonardo/.config/discord/0.0.39/modules/pending/discord_erlpack-1.zip: 29%
2023-12-21T23:26:26.000Z [Modules] Streaming discord_erlpack@1 to /home/leonardo/.config/discord/0.0.39/modules/pending/discord_erlpack-1.zip: 30%
2023-12-21T23:26:26.000Z [Modules] Streaming discord_erlpack@1 to /home/leonardo/.config/discord/0.0.39/modules/pending/discord_erlpack-1.zip: 34%
2023-12-21T23:26:26.001Z [Modules] Streaming discord_erlpack@1 to /home/leonardo/.config/discord/0.0.39/modules/pending/discord_erlpack-1.zip: 36%
2023-12-21T23:26:26.001Z [Modules] Streaming discord_erlpack@1 to /home/leonardo/.config/discord/0.0.39/modules/pending/discord_erlpack-1.zip: 39%
2023-12-21T23:26:26.002Z [Modules] Streaming discord_erlpack@1 to /home/leonardo/.config/discord/0.0.39/modules/pending/discord_erlpack-1.zip: 42%
2023-12-21T23:26:26.002Z [Modules] Streaming discord_erlpack@1 to /home/leonardo/.config/discord/0.0.39/modules/pending/discord_erlpack-1.zip: 44%
2023-12-21T23:26:26.003Z [Modules] Streaming discord_erlpack@1 to /home/leonardo/.config/discord/0.0.39/modules/pending/discord_erlpack-1.zip: 47%
2023-12-21T23:26:26.003Z [Modules] Streaming discord_erlpack@1 to /home/leonardo/.config/discord/0.0.39/modules/pending/discord_erlpack-1.zip: 51%
2023-12-21T23:26:26.004Z [Modules] Streaming discord_erlpack@1 to /home/leonardo/.config/discord/0.0.39/modules/pending/discord_erlpack-1.zip: 54%
2023-12-21T23:26:26.004Z [Modules] Streaming discord_erlpack@1 to /home/leonardo/.config/discord/0.0.39/modules/pending/discord_erlpack-1.zip: 58%
2023-12-21T23:26:26.005Z [Modules] Streaming discord_erlpack@1 to /home/leonardo/.config/discord/0.0.39/modules/pending/discord_erlpack-1.zip: 61%
2023-12-21T23:26:26.005Z [Modules] Streaming discord_erlpack@1 to /home/leonardo/.config/discord/0.0.39/modules/pending/discord_erlpack-1.zip: 64%
2023-12-21T23:26:26.006Z [Modules] Streaming discord_erlpack@1 to /home/leonardo/.config/discord/0.0.39/modules/pending/discord_erlpack-1.zip: 68%
2023-12-21T23:26:26.006Z [Modules] Streaming discord_erlpack@1 to /home/leonardo/.config/discord/0.0.39/modules/pending/discord_erlpack-1.zip: 71%
2023-12-21T23:26:26.007Z [Modules] Streaming discord_erlpack@1 to /home/leonardo/.config/discord/0.0.39/modules/pending/discord_erlpack-1.zip: 75%
2023-12-21T23:26:26.007Z [Modules] Streaming discord_erlpack@1 to /home/leonardo/.config/discord/0.0.39/modules/pending/discord_erlpack-1.zip: 76%
2023-12-21T23:26:26.008Z [Modules] Streaming discord_erlpack@1 to /home/leonardo/.config/discord/0.0.39/modules/pending/discord_erlpack-1.zip: 79%
2023-12-21T23:26:26.008Z [Modules] Streaming discord_erlpack@1 to /home/leonardo/.config/discord/0.0.39/modules/pending/discord_erlpack-1.zip: 82%
2023-12-21T23:26:26.009Z [Modules] Streaming discord_erlpack@1 to /home/leonardo/.config/discord/0.0.39/modules/pending/discord_erlpack-1.zip: 86%
2023-12-21T23:26:26.009Z [Modules] Streaming discord_erlpack@1 to /home/leonardo/.config/discord/0.0.39/modules/pending/discord_erlpack-1.zip: 89%
2023-12-21T23:26:26.010Z [Modules] Streaming discord_erlpack@1 to /home/leonardo/.config/discord/0.0.39/modules/pending/discord_erlpack-1.zip: 90%
2023-12-21T23:26:26.010Z [Modules] Streaming discord_erlpack@1 to /home/leonardo/.config/discord/0.0.39/modules/pending/discord_erlpack-1.zip: 93%
2023-12-21T23:26:26.017Z [Modules] Streaming discord_erlpack@1 to /home/leonardo/.config/discord/0.0.39/modules/pending/discord_erlpack-1.zip: 96%
2023-12-21T23:26:26.022Z [Modules] Streaming discord_erlpack@1 to /home/leonardo/.config/discord/0.0.39/modules/pending/discord_erlpack-1.zip: 99%
2023-12-21T23:26:26.023Z [Modules] Streaming discord_erlpack@1 to /home/leonardo/.config/discord/0.0.39/modules/pending/discord_erlpack-1.zip: 100%
2023-12-21T23:26:26.024Z [Modules] Fetching discord_spellcheck@1 from https://discord.com/api/modules/stable/discord_spellcheck/1
2023-12-21T23:26:26.024Z [Modules] Streaming discord_spellcheck@1 to /home/leonardo/.config/discord/0.0.39/modules/pending/discord_spellcheck-1.zip
2023-12-21T23:26:26.395Z [Modules] Streaming discord_spellcheck@1 to /home/leonardo/.config/discord/0.0.39/modules/pending/discord_spellcheck-1.zip: 1%
2023-12-21T23:26:26.395Z [Modules] Streaming discord_spellcheck@1 to /home/leonardo/.config/discord/0.0.39/modules/pending/discord_spellcheck-1.zip: 2%
2023-12-21T23:26:26.396Z [Modules] Streaming discord_spellcheck@1 to /home/leonardo/.config/discord/0.0.39/modules/pending/discord_spellcheck-1.zip: 3%
2023-12-21T23:26:26.396Z [Modules] Streaming discord_spellcheck@1 to /home/leonardo/.config/discord/0.0.39/modules/pending/discord_spellcheck-1.zip: 4%
2023-12-21T23:26:26.397Z [Modules] Streaming discord_spellcheck@1 to /home/leonardo/.config/discord/0.0.39/modules/pending/discord_spellcheck-1.zip: 5%
2023-12-21T23:26:26.398Z [Modules] Streaming discord_spellcheck@1 to /home/leonardo/.config/discord/0.0.39/modules/pending/discord_spellcheck-1.zip: 6%
2023-12-21T23:26:26.399Z [Modules] Streaming discord_spellcheck@1 to /home/leonardo/.config/discord/0.0.39/modules/pending/discord_spellcheck-1.zip: 7%
2023-12-21T23:26:26.399Z [Modules] Streaming discord_spellcheck@1 to /home/leonardo/.config/discord/0.0.39/modules/pending/discord_spellcheck-1.zip: 8%
2023-12-21T23:26:26.400Z [Modules] Streaming discord_spellcheck@1 to /home/leonardo/.config/discord/0.0.39/modules/pending/discord_spellcheck-1.zip: 9%
2023-12-21T23:26:26.401Z [Modules] Streaming discord_spellcheck@1 to /home/leonardo/.config/discord/0.0.39/modules/pending/discord_spellcheck-1.zip: 10%
2023-12-21T23:26:26.402Z [Modules] Streaming discord_spellcheck@1 to /home/leonardo/.config/discord/0.0.39/modules/pending/discord_spellcheck-1.zip: 11%
2023-12-21T23:26:26.403Z [Modules] Streaming discord_spellcheck@1 to /home/leonardo/.config/discord/0.0.39/modules/pending/discord_spellcheck-1.zip: 12%
2023-12-21T23:26:26.404Z [Modules] Streaming discord_spellcheck@1 to /home/leonardo/.config/discord/0.0.39/modules/pending/discord_spellcheck-1.zip: 13%
2023-12-21T23:26:26.416Z [Modules] Streaming discord_spellcheck@1 to /home/leonardo/.config/discord/0.0.39/modules/pending/discord_spellcheck-1.zip: 14%
2023-12-21T23:26:26.417Z [Modules] Streaming discord_spellcheck@1 to /home/leonardo/.config/discord/0.0.39/modules/pending/discord_spellcheck-1.zip: 15%
2023-12-21T23:26:26.418Z [Modules] Streaming discord_spellcheck@1 to /home/leonardo/.config/discord/0.0.39/modules/pending/discord_spellcheck-1.zip: 16%
2023-12-21T23:26:26.418Z [Modules] Streaming discord_spellcheck@1 to /home/leonardo/.config/discord/0.0.39/modules/pending/discord_spellcheck-1.zip: 17%
2023-12-21T23:26:26.419Z [Modules] Streaming discord_spellcheck@1 to /home/leonardo/.config/discord/0.0.39/modules/pending/discord_spellcheck-1.zip: 18%
2023-12-21T23:26:26.420Z [Modules] Streaming discord_spellcheck@1 to /home/leonardo/.config/discord/0.0.39/modules/pending/discord_spellcheck-1.zip: 19%
2023-12-21T23:26:26.420Z [Modules] Streaming discord_spellcheck@1 to /home/leonardo/.config/discord/0.0.39/modules/pending/discord_spellcheck-1.zip: 20%
2023-12-21T23:26:26.421Z [Modules] Streaming discord_spellcheck@1 to /home/leonardo/.config/discord/0.0.39/modules/pending/discord_spellcheck-1.zip: 21%
2023-12-21T23:26:26.421Z [Modules] Streaming discord_spellcheck@1 to /home/leonardo/.config/discord/0.0.39/modules/pending/discord_spellcheck-1.zip: 23%
2023-12-21T23:26:26.422Z [Modules] Streaming discord_spellcheck@1 to /home/leonardo/.config/discord/0.0.39/modules/pending/discord_spellcheck-1.zip: 24%
2023-12-21T23:26:26.422Z [Modules] Streaming discord_spellcheck@1 to /home/leonardo/.config/discord/0.0.39/modules/pending/discord_spellcheck-1.zip: 25%
2023-12-21T23:26:26.441Z [Modules] Streaming discord_spellcheck@1 to /home/leonardo/.config/discord/0.0.39/modules/pending/discord_spellcheck-1.zip: 26%
2023-12-21T23:26:26.441Z [Modules] Streaming discord_spellcheck@1 to /home/leonardo/.config/discord/0.0.39/modules/pending/discord_spellcheck-1.zip: 27%
2023-12-21T23:26:26.442Z [Modules] Streaming discord_spellcheck@1 to /home/leonardo/.config/discord/0.0.39/modules/pending/discord_spellcheck-1.zip: 28%
2023-12-21T23:26:26.442Z [Modules] Streaming discord_spellcheck@1 to /home/leonardo/.config/discord/0.0.39/modules/pending/discord_spellcheck-1.zip: 29%
2023-12-21T23:26:26.443Z [Modules] Streaming discord_spellcheck@1 to /home/leonardo/.config/discord/0.0.39/modules/pending/discord_spellcheck-1.zip: 30%
2023-12-21T23:26:26.443Z [Modules] Streaming discord_spellcheck@1 to /home/leonardo/.config/discord/0.0.39/modules/pending/discord_spellcheck-1.zip: 31%
2023-12-21T23:26:26.444Z [Modules] Streaming discord_spellcheck@1 to /home/leonardo/.config/discord/0.0.39/modules/pending/discord_spellcheck-1.zip: 32%
2023-12-21T23:26:26.444Z [Modules] Streaming discord_spellcheck@1 to /home/leonardo/.config/discord/0.0.39/modules/pending/discord_spellcheck-1.zip: 35%
2023-12-21T23:26:26.445Z [Modules] Streaming discord_spellcheck@1 to /home/leonardo/.config/discord/0.0.39/modules/pending/discord_spellcheck-1.zip: 36%
2023-12-21T23:26:26.445Z [Modules] Streaming discord_spellcheck@1 to /home/leonardo/.config/discord/0.0.39/modules/pending/discord_spellcheck-1.zip: 37%
2023-12-21T23:26:26.446Z [Modules] Streaming discord_spellcheck@1 to /home/leonardo/.config/discord/0.0.39/modules/pending/discord_spellcheck-1.zip: 39%
2023-12-21T23:26:26.446Z [Modules] Streaming discord_spellcheck@1 to /home/leonardo/.config/discord/0.0.39/modules/pending/discord_spellcheck-1.zip: 41%
2023-12-21T23:26:26.447Z [Modules] Streaming discord_spellcheck@1 to /home/leonardo/.config/discord/0.0.39/modules/pending/discord_spellcheck-1.zip: 42%
2023-12-21T23:26:26.447Z [Modules] Streaming discord_spellcheck@1 to /home/leonardo/.config/discord/0.0.39/modules/pending/discord_spellcheck-1.zip: 45%
2023-12-21T23:26:26.448Z [Modules] Streaming discord_spellcheck@1 to /home/leonardo/.config/discord/0.0.39/modules/pending/discord_spellcheck-1.zip: 46%
2023-12-21T23:26:26.449Z [Modules] Streaming discord_spellcheck@1 to /home/leonardo/.config/discord/0.0.39/modules/pending/discord_spellcheck-1.zip: 49%
2023-12-21T23:26:26.449Z [Modules] Streaming discord_spellcheck@1 to /home/leonardo/.config/discord/0.0.39/modules/pending/discord_spellcheck-1.zip: 50%
2023-12-21T23:26:26.450Z [Modules] Streaming discord_spellcheck@1 to /home/leonardo/.config/discord/0.0.39/modules/pending/discord_spellcheck-1.zip: 52%
2023-12-21T23:26:26.450Z [Modules] Streaming discord_spellcheck@1 to /home/leonardo/.config/discord/0.0.39/modules/pending/discord_spellcheck-1.zip: 53%
2023-12-21T23:26:26.451Z [Modules] Streaming discord_spellcheck@1 to /home/leonardo/.config/discord/0.0.39/modules/pending/discord_spellcheck-1.zip: 55%
2023-12-21T23:26:26.451Z [Modules] Streaming discord_spellcheck@1 to /home/leonardo/.config/discord/0.0.39/modules/pending/discord_spellcheck-1.zip: 56%
2023-12-21T23:26:26.452Z [Modules] Streaming discord_spellcheck@1 to /home/leonardo/.config/discord/0.0.39/modules/pending/discord_spellcheck-1.zip: 58%
2023-12-21T23:26:26.452Z [Modules] Streaming discord_spellcheck@1 to /home/leonardo/.config/discord/0.0.39/modules/pending/discord_spellcheck-1.zip: 59%
2023-12-21T23:26:26.453Z [Modules] Streaming discord_spellcheck@1 to /home/leonardo/.config/discord/0.0.39/modules/pending/discord_spellcheck-1.zip: 62%
2023-12-21T23:26:26.453Z [Modules] Streaming discord_spellcheck@1 to /home/leonardo/.config/discord/0.0.39/modules/pending/discord_spellcheck-1.zip: 63%
2023-12-21T23:26:26.454Z [Modules] Streaming discord_spellcheck@1 to /home/leonardo/.config/discord/0.0.39/modules/pending/discord_spellcheck-1.zip: 64%
2023-12-21T23:26:26.454Z [Modules] Streaming discord_spellcheck@1 to /home/leonardo/.config/discord/0.0.39/modules/pending/discord_spellcheck-1.zip: 65%
2023-12-21T23:26:26.455Z [Modules] Streaming discord_spellcheck@1 to /home/leonardo/.config/discord/0.0.39/modules/pending/discord_spellcheck-1.zip: 66%
2023-12-21T23:26:26.455Z [Modules] Streaming discord_spellcheck@1 to /home/leonardo/.config/discord/0.0.39/modules/pending/discord_spellcheck-1.zip: 67%
2023-12-21T23:26:26.456Z [Modules] Streaming discord_spellcheck@1 to /home/leonardo/.config/discord/0.0.39/modules/pending/discord_spellcheck-1.zip: 68%
2023-12-21T23:26:26.457Z [Modules] Streaming discord_spellcheck@1 to /home/leonardo/.config/discord/0.0.39/modules/pending/discord_spellcheck-1.zip: 69%
2023-12-21T23:26:26.458Z [Modules] Streaming discord_spellcheck@1 to /home/leonardo/.config/discord/0.0.39/modules/pending/discord_spellcheck-1.zip: 70%
2023-12-21T23:26:26.468Z [Modules] Streaming discord_spellcheck@1 to /home/leonardo/.config/discord/0.0.39/modules/pending/discord_spellcheck-1.zip: 71%
2023-12-21T23:26:26.469Z [Modules] Streaming discord_spellcheck@1 to /home/leonardo/.config/discord/0.0.39/modules/pending/discord_spellcheck-1.zip: 72%
2023-12-21T23:26:26.470Z [Modules] Streaming discord_spellcheck@1 to /home/leonardo/.config/discord/0.0.39/modules/pending/discord_spellcheck-1.zip: 73%
2023-12-21T23:26:26.470Z [Modules] Streaming discord_spellcheck@1 to /home/leonardo/.config/discord/0.0.39/modules/pending/discord_spellcheck-1.zip: 74%
2023-12-21T23:26:26.471Z [Modules] Streaming discord_spellcheck@1 to /home/leonardo/.config/discord/0.0.39/modules/pending/discord_spellcheck-1.zip: 75%
2023-12-21T23:26:26.471Z [Modules] Streaming discord_spellcheck@1 to /home/leonardo/.config/discord/0.0.39/modules/pending/discord_spellcheck-1.zip: 76%
2023-12-21T23:26:26.472Z [Modules] Streaming discord_spellcheck@1 to /home/leonardo/.config/discord/0.0.39/modules/pending/discord_spellcheck-1.zip: 77%
2023-12-21T23:26:26.472Z [Modules] Streaming discord_spellcheck@1 to /home/leonardo/.config/discord/0.0.39/modules/pending/discord_spellcheck-1.zip: 78%
2023-12-21T23:26:26.473Z [Modules] Streaming discord_spellcheck@1 to /home/leonardo/.config/discord/0.0.39/modules/pending/discord_spellcheck-1.zip: 80%
2023-12-21T23:26:26.474Z [Modules] Streaming discord_spellcheck@1 to /home/leonardo/.config/discord/0.0.39/modules/pending/discord_spellcheck-1.zip: 81%
2023-12-21T23:26:26.474Z [Modules] Streaming discord_spellcheck@1 to /home/leonardo/.config/discord/0.0.39/modules/pending/discord_spellcheck-1.zip: 82%
2023-12-21T23:26:26.475Z [Modules] Streaming discord_spellcheck@1 to /home/leonardo/.config/discord/0.0.39/modules/pending/discord_spellcheck-1.zip: 83%
2023-12-21T23:26:26.475Z [Modules] Streaming discord_spellcheck@1 to /home/leonardo/.config/discord/0.0.39/modules/pending/discord_spellcheck-1.zip: 84%
2023-12-21T23:26:26.476Z [Modules] Streaming discord_spellcheck@1 to /home/leonardo/.config/discord/0.0.39/modules/pending/discord_spellcheck-1.zip: 86%
2023-12-21T23:26:26.476Z [Modules] Streaming discord_spellcheck@1 to /home/leonardo/.config/discord/0.0.39/modules/pending/discord_spellcheck-1.zip: 87%
2023-12-21T23:26:26.477Z [Modules] Streaming discord_spellcheck@1 to /home/leonardo/.config/discord/0.0.39/modules/pending/discord_spellcheck-1.zip: 88%
2023-12-21T23:26:26.478Z [Modules] Streaming discord_spellcheck@1 to /home/leonardo/.config/discord/0.0.39/modules/pending/discord_spellcheck-1.zip: 89%
2023-12-21T23:26:26.480Z [Modules] Streaming discord_spellcheck@1 to /home/leonardo/.config/discord/0.0.39/modules/pending/discord_spellcheck-1.zip: 90%
2023-12-21T23:26:26.481Z [Modules] Streaming discord_spellcheck@1 to /home/leonardo/.config/discord/0.0.39/modules/pending/discord_spellcheck-1.zip: 91%
2023-12-21T23:26:26.482Z [Modules] Streaming discord_spellcheck@1 to /home/leonardo/.config/discord/0.0.39/modules/pending/discord_spellcheck-1.zip: 92%
2023-12-21T23:26:26.483Z [Modules] Streaming discord_spellcheck@1 to /home/leonardo/.config/discord/0.0.39/modules/pending/discord_spellcheck-1.zip: 93%
2023-12-21T23:26:26.484Z [Modules] Streaming discord_spellcheck@1 to /home/leonardo/.config/discord/0.0.39/modules/pending/discord_spellcheck-1.zip: 94%
2023-12-21T23:26:26.484Z [Modules] Streaming discord_spellcheck@1 to /home/leonardo/.config/discord/0.0.39/modules/pending/discord_spellcheck-1.zip: 95%
2023-12-21T23:26:26.485Z [Modules] Streaming discord_spellcheck@1 to /home/leonardo/.config/discord/0.0.39/modules/pending/discord_spellcheck-1.zip: 96%
2023-12-21T23:26:26.486Z [Modules] Streaming discord_spellcheck@1 to /home/leonardo/.config/discord/0.0.39/modules/pending/discord_spellcheck-1.zip: 97%
2023-12-21T23:26:26.487Z [Modules] Streaming discord_spellcheck@1 to /home/leonardo/.config/discord/0.0.39/modules/pending/discord_spellcheck-1.zip: 98%
2023-12-21T23:26:26.488Z [Modules] Streaming discord_spellcheck@1 to /home/leonardo/.config/discord/0.0.39/modules/pending/discord_spellcheck-1.zip: 99%
2023-12-21T23:26:26.489Z [Modules] Streaming discord_spellcheck@1 to /home/leonardo/.config/discord/0.0.39/modules/pending/discord_spellcheck-1.zip: 100%
2023-12-21T23:26:26.490Z [Modules] Fetching discord_utils@1 from https://discord.com/api/modules/stable/discord_utils/1
2023-12-21T23:26:26.490Z [Modules] Streaming discord_utils@1 to /home/leonardo/.config/discord/0.0.39/modules/pending/discord_utils-1.zip
2023-12-21T23:26:26.894Z [Modules] Streaming discord_utils@1 to /home/leonardo/.config/discord/0.0.39/modules/pending/discord_utils-1.zip: 2%
2023-12-21T23:26:26.897Z [Modules] Streaming discord_utils@1 to /home/leonardo/.config/discord/0.0.39/modules/pending/discord_utils-1.zip: 6%
2023-12-21T23:26:26.900Z [Modules] Streaming discord_utils@1 to /home/leonardo/.config/discord/0.0.39/modules/pending/discord_utils-1.zip: 8%
2023-12-21T23:26:26.901Z [Modules] Streaming discord_utils@1 to /home/leonardo/.config/discord/0.0.39/modules/pending/discord_utils-1.zip: 13%
2023-12-21T23:26:26.908Z [Modules] Streaming discord_utils@1 to /home/leonardo/.config/discord/0.0.39/modules/pending/discord_utils-1.zip: 15%
2023-12-21T23:26:26.908Z [Modules] Streaming discord_utils@1 to /home/leonardo/.config/discord/0.0.39/modules/pending/discord_utils-1.zip: 16%
2023-12-21T23:26:26.909Z [Modules] Streaming discord_utils@1 to /home/leonardo/.config/discord/0.0.39/modules/pending/discord_utils-1.zip: 18%
2023-12-21T23:26:26.909Z [Modules] Streaming discord_utils@1 to /home/leonardo/.config/discord/0.0.39/modules/pending/discord_utils-1.zip: 19%
2023-12-21T23:26:26.909Z [Modules] Streaming discord_utils@1 to /home/leonardo/.config/discord/0.0.39/modules/pending/discord_utils-1.zip: 22%
2023-12-21T23:26:26.910Z [Modules] Streaming discord_utils@1 to /home/leonardo/.config/discord/0.0.39/modules/pending/discord_utils-1.zip: 24%
2023-12-21T23:26:26.913Z [Modules] Streaming discord_utils@1 to /home/leonardo/.config/discord/0.0.39/modules/pending/discord_utils-1.zip: 26%
2023-12-21T23:26:26.913Z [Modules] Streaming discord_utils@1 to /home/leonardo/.config/discord/0.0.39/modules/pending/discord_utils-1.zip: 27%
2023-12-21T23:26:26.914Z [Modules] Streaming discord_utils@1 to /home/leonardo/.config/discord/0.0.39/modules/pending/discord_utils-1.zip: 29%
2023-12-21T23:26:26.914Z [Modules] Streaming discord_utils@1 to /home/leonardo/.config/discord/0.0.39/modules/pending/discord_utils-1.zip: 31%
2023-12-21T23:26:26.918Z [Modules] Streaming discord_utils@1 to /home/leonardo/.config/discord/0.0.39/modules/pending/discord_utils-1.zip: 33%
2023-12-21T23:26:26.919Z [Modules] Streaming discord_utils@1 to /home/leonardo/.config/discord/0.0.39/modules/pending/discord_utils-1.zip: 34%
2023-12-21T23:26:26.919Z [Modules] Streaming discord_utils@1 to /home/leonardo/.config/discord/0.0.39/modules/pending/discord_utils-1.zip: 36%
2023-12-21T23:26:26.920Z [Modules] Streaming discord_utils@1 to /home/leonardo/.config/discord/0.0.39/modules/pending/discord_utils-1.zip: 37%
2023-12-21T23:26:26.920Z [Modules] Streaming discord_utils@1 to /home/leonardo/.config/discord/0.0.39/modules/pending/discord_utils-1.zip: 39%
2023-12-21T23:26:26.921Z [Modules] Streaming discord_utils@1 to /home/leonardo/.config/discord/0.0.39/modules/pending/discord_utils-1.zip: 42%
2023-12-21T23:26:26.921Z [Modules] Streaming discord_utils@1 to /home/leonardo/.config/discord/0.0.39/modules/pending/discord_utils-1.zip: 44%
2023-12-21T23:26:26.922Z [Modules] Streaming discord_utils@1 to /home/leonardo/.config/discord/0.0.39/modules/pending/discord_utils-1.zip: 46%
2023-12-21T23:26:26.922Z [Modules] Streaming discord_utils@1 to /home/leonardo/.config/discord/0.0.39/modules/pending/discord_utils-1.zip: 47%
2023-12-21T23:26:26.936Z [Modules] Streaming discord_utils@1 to /home/leonardo/.config/discord/0.0.39/modules/pending/discord_utils-1.zip: 49%
2023-12-21T23:26:26.936Z [Modules] Streaming discord_utils@1 to /home/leonardo/.config/discord/0.0.39/modules/pending/discord_utils-1.zip: 51%
2023-12-21T23:26:26.937Z [Modules] Streaming discord_utils@1 to /home/leonardo/.config/discord/0.0.39/modules/pending/discord_utils-1.zip: 53%
2023-12-21T23:26:26.938Z [Modules] Streaming discord_utils@1 to /home/leonardo/.config/discord/0.0.39/modules/pending/discord_utils-1.zip: 54%
2023-12-21T23:26:26.940Z [Modules] Streaming discord_utils@1 to /home/leonardo/.config/discord/0.0.39/modules/pending/discord_utils-1.zip: 56%
2023-12-21T23:26:26.940Z [Modules] Streaming discord_utils@1 to /home/leonardo/.config/discord/0.0.39/modules/pending/discord_utils-1.zip: 57%
2023-12-21T23:26:26.941Z [Modules] Streaming discord_utils@1 to /home/leonardo/.config/discord/0.0.39/modules/pending/discord_utils-1.zip: 58%
2023-12-21T23:26:26.941Z [Modules] Streaming discord_utils@1 to /home/leonardo/.config/discord/0.0.39/modules/pending/discord_utils-1.zip: 59%
2023-12-21T23:26:26.941Z [Modules] Streaming discord_utils@1 to /home/leonardo/.config/discord/0.0.39/modules/pending/discord_utils-1.zip: 61%
2023-12-21T23:26:26.947Z [Modules] Streaming discord_utils@1 to /home/leonardo/.config/discord/0.0.39/modules/pending/discord_utils-1.zip: 64%
2023-12-21T23:26:26.947Z [Modules] Streaming discord_utils@1 to /home/leonardo/.config/discord/0.0.39/modules/pending/discord_utils-1.zip: 66%
2023-12-21T23:26:26.948Z [Modules] Streaming discord_utils@1 to /home/leonardo/.config/discord/0.0.39/modules/pending/discord_utils-1.zip: 67%
2023-12-21T23:26:26.949Z [Modules] Streaming discord_utils@1 to /home/leonardo/.config/discord/0.0.39/modules/pending/discord_utils-1.zip: 69%
2023-12-21T23:26:26.950Z [Modules] Streaming discord_utils@1 to /home/leonardo/.config/discord/0.0.39/modules/pending/discord_utils-1.zip: 71%
2023-12-21T23:26:26.951Z [Modules] Streaming discord_utils@1 to /home/leonardo/.config/discord/0.0.39/modules/pending/discord_utils-1.zip: 73%
2023-12-21T23:26:26.952Z [Modules] Streaming discord_utils@1 to /home/leonardo/.config/discord/0.0.39/modules/pending/discord_utils-1.zip: 76%
2023-12-21T23:26:26.952Z [Modules] Streaming discord_utils@1 to /home/leonardo/.config/discord/0.0.39/modules/pending/discord_utils-1.zip: 78%
2023-12-21T23:26:26.953Z [Modules] Streaming discord_utils@1 to /home/leonardo/.config/discord/0.0.39/modules/pending/discord_utils-1.zip: 80%
2023-12-21T23:26:26.953Z [Modules] Streaming discord_utils@1 to /home/leonardo/.config/discord/0.0.39/modules/pending/discord_utils-1.zip: 82%
2023-12-21T23:26:26.954Z [Modules] Streaming discord_utils@1 to /home/leonardo/.config/discord/0.0.39/modules/pending/discord_utils-1.zip: 84%
2023-12-21T23:26:26.954Z [Modules] Streaming discord_utils@1 to /home/leonardo/.config/discord/0.0.39/modules/pending/discord_utils-1.zip: 86%
2023-12-21T23:26:26.955Z [Modules] Streaming discord_utils@1 to /home/leonardo/.config/discord/0.0.39/modules/pending/discord_utils-1.zip: 87%
2023-12-21T23:26:26.956Z [Modules] Streaming discord_utils@1 to /home/leonardo/.config/discord/0.0.39/modules/pending/discord_utils-1.zip: 89%
2023-12-21T23:26:26.956Z [Modules] Streaming discord_utils@1 to /home/leonardo/.config/discord/0.0.39/modules/pending/discord_utils-1.zip: 90%
2023-12-21T23:26:26.956Z [Modules] Streaming discord_utils@1 to /home/leonardo/.config/discord/0.0.39/modules/pending/discord_utils-1.zip: 92%
2023-12-21T23:26:26.957Z [Modules] Streaming discord_utils@1 to /home/leonardo/.config/discord/0.0.39/modules/pending/discord_utils-1.zip: 94%
2023-12-21T23:26:26.957Z [Modules] Streaming discord_utils@1 to /home/leonardo/.config/discord/0.0.39/modules/pending/discord_utils-1.zip: 95%
2023-12-21T23:26:26.958Z [Modules] Streaming discord_utils@1 to /home/leonardo/.config/discord/0.0.39/modules/pending/discord_utils-1.zip: 97%
2023-12-21T23:26:26.958Z [Modules] Streaming discord_utils@1 to /home/leonardo/.config/discord/0.0.39/modules/pending/discord_utils-1.zip: 99%
2023-12-21T23:26:26.958Z [Modules] Streaming discord_utils@1 to /home/leonardo/.config/discord/0.0.39/modules/pending/discord_utils-1.zip: 100%
2023-12-21T23:26:26.960Z [Modules] Fetching discord_voice@1 from https://discord.com/api/modules/stable/discord_voice/1
2023-12-21T23:26:26.960Z [Modules] Streaming discord_voice@1 to /home/leonardo/.config/discord/0.0.39/modules/pending/discord_voice-1.zip
2023-12-21T23:26:27.316Z [Modules] Streaming discord_voice@1 to /home/leonardo/.config/discord/0.0.39/modules/pending/discord_voice-1.zip: 1%
2023-12-21T23:26:27.318Z [Modules] Streaming discord_voice@1 to /home/leonardo/.config/discord/0.0.39/modules/pending/discord_voice-1.zip: 2%
2023-12-21T23:26:27.320Z [Modules] Streaming discord_voice@1 to /home/leonardo/.config/discord/0.0.39/modules/pending/discord_voice-1.zip: 3%
2023-12-21T23:26:27.322Z [Modules] Streaming discord_voice@1 to /home/leonardo/.config/discord/0.0.39/modules/pending/discord_voice-1.zip: 4%
2023-12-21T23:26:27.325Z [Modules] Streaming discord_voice@1 to /home/leonardo/.config/discord/0.0.39/modules/pending/discord_voice-1.zip: 5%
2023-12-21T23:26:27.327Z [Modules] Streaming discord_voice@1 to /home/leonardo/.config/discord/0.0.39/modules/pending/discord_voice-1.zip: 6%
2023-12-21T23:26:27.329Z [Modules] Streaming discord_voice@1 to /home/leonardo/.config/discord/0.0.39/modules/pending/discord_voice-1.zip: 7%
2023-12-21T23:26:27.341Z [Modules] Streaming discord_voice@1 to /home/leonardo/.config/discord/0.0.39/modules/pending/discord_voice-1.zip: 8%
2023-12-21T23:26:27.342Z [Modules] Streaming discord_voice@1 to /home/leonardo/.config/discord/0.0.39/modules/pending/discord_voice-1.zip: 9%
2023-12-21T23:26:27.345Z [Modules] Streaming discord_voice@1 to /home/leonardo/.config/discord/0.0.39/modules/pending/discord_voice-1.zip: 10%
2023-12-21T23:26:27.347Z [Modules] Streaming discord_voice@1 to /home/leonardo/.config/discord/0.0.39/modules/pending/discord_voice-1.zip: 11%
2023-12-21T23:26:27.349Z [Modules] Streaming discord_voice@1 to /home/leonardo/.config/discord/0.0.39/modules/pending/discord_voice-1.zip: 12%
2023-12-21T23:26:27.355Z [Modules] Streaming discord_voice@1 to /home/leonardo/.config/discord/0.0.39/modules/pending/discord_voice-1.zip: 13%
2023-12-21T23:26:27.357Z [Modules] Streaming discord_voice@1 to /home/leonardo/.config/discord/0.0.39/modules/pending/discord_voice-1.zip: 14%
2023-12-21T23:26:27.359Z [Modules] Streaming discord_voice@1 to /home/leonardo/.config/discord/0.0.39/modules/pending/discord_voice-1.zip: 15%
2023-12-21T23:26:27.361Z [Modules] Streaming discord_voice@1 to /home/leonardo/.config/discord/0.0.39/modules/pending/discord_voice-1.zip: 16%
2023-12-21T23:26:27.363Z [Modules] Streaming discord_voice@1 to /home/leonardo/.config/discord/0.0.39/modules/pending/discord_voice-1.zip: 17%
2023-12-21T23:26:27.365Z [Modules] Streaming discord_voice@1 to /home/leonardo/.config/discord/0.0.39/modules/pending/discord_voice-1.zip: 18%
2023-12-21T23:26:27.367Z [Modules] Streaming discord_voice@1 to /home/leonardo/.config/discord/0.0.39/modules/pending/discord_voice-1.zip: 19%
2023-12-21T23:26:27.369Z [Modules] Streaming discord_voice@1 to /home/leonardo/.config/discord/0.0.39/modules/pending/discord_voice-1.zip: 20%
2023-12-21T23:26:27.372Z [Modules] Streaming discord_voice@1 to /home/leonardo/.config/discord/0.0.39/modules/pending/discord_voice-1.zip: 21%
2023-12-21T23:26:27.374Z [Modules] Streaming discord_voice@1 to /home/leonardo/.config/discord/0.0.39/modules/pending/discord_voice-1.zip: 22%
2023-12-21T23:26:27.376Z [Modules] Streaming discord_voice@1 to /home/leonardo/.config/discord/0.0.39/modules/pending/discord_voice-1.zip: 23%
2023-12-21T23:26:27.379Z [Modules] Streaming discord_voice@1 to /home/leonardo/.config/discord/0.0.39/modules/pending/discord_voice-1.zip: 24%
2023-12-21T23:26:27.382Z [Modules] Streaming discord_voice@1 to /home/leonardo/.config/discord/0.0.39/modules/pending/discord_voice-1.zip: 25%
2023-12-21T23:26:27.384Z [Modules] Streaming discord_voice@1 to /home/leonardo/.config/discord/0.0.39/modules/pending/discord_voice-1.zip: 26%
2023-12-21T23:26:27.386Z [Modules] Streaming discord_voice@1 to /home/leonardo/.config/discord/0.0.39/modules/pending/discord_voice-1.zip: 27%
2023-12-21T23:26:27.388Z [Modules] Streaming discord_voice@1 to /home/leonardo/.config/discord/0.0.39/modules/pending/discord_voice-1.zip: 28%
2023-12-21T23:26:27.390Z [Modules] Streaming discord_voice@1 to /home/leonardo/.config/discord/0.0.39/modules/pending/discord_voice-1.zip: 29%
2023-12-21T23:26:27.392Z [Modules] Streaming discord_voice@1 to /home/leonardo/.config/discord/0.0.39/modules/pending/discord_voice-1.zip: 30%
2023-12-21T23:26:27.395Z [Modules] Streaming discord_voice@1 to /home/leonardo/.config/discord/0.0.39/modules/pending/discord_voice-1.zip: 31%
2023-12-21T23:26:27.397Z [Modules] Streaming discord_voice@1 to /home/leonardo/.config/discord/0.0.39/modules/pending/discord_voice-1.zip: 32%
2023-12-21T23:26:27.399Z [Modules] Streaming discord_voice@1 to /home/leonardo/.config/discord/0.0.39/modules/pending/discord_voice-1.zip: 33%
2023-12-21T23:26:27.401Z [Modules] Streaming discord_voice@1 to /home/leonardo/.config/discord/0.0.39/modules/pending/discord_voice-1.zip: 34%
2023-12-21T23:26:27.403Z [Modules] Streaming discord_voice@1 to /home/leonardo/.config/discord/0.0.39/modules/pending/discord_voice-1.zip: 35%
2023-12-21T23:26:27.406Z [Modules] Streaming discord_voice@1 to /home/leonardo/.config/discord/0.0.39/modules/pending/discord_voice-1.zip: 36%
2023-12-21T23:26:27.408Z [Modules] Streaming discord_voice@1 to /home/leonardo/.config/discord/0.0.39/modules/pending/discord_voice-1.zip: 37%
2023-12-21T23:26:27.410Z [Modules] Streaming discord_voice@1 to /home/leonardo/.config/discord/0.0.39/modules/pending/discord_voice-1.zip: 38%
2023-12-21T23:26:27.412Z [Modules] Streaming discord_voice@1 to /home/leonardo/.config/discord/0.0.39/modules/pending/discord_voice-1.zip: 39%
2023-12-21T23:26:27.414Z [Modules] Streaming discord_voice@1 to /home/leonardo/.config/discord/0.0.39/modules/pending/discord_voice-1.zip: 40%
2023-12-21T23:26:27.417Z [Modules] Streaming discord_voice@1 to /home/leonardo/.config/discord/0.0.39/modules/pending/discord_voice-1.zip: 41%
2023-12-21T23:26:27.419Z [Modules] Streaming discord_voice@1 to /home/leonardo/.config/discord/0.0.39/modules/pending/discord_voice-1.zip: 42%
2023-12-21T23:26:27.421Z [Modules] Streaming discord_voice@1 to /home/leonardo/.config/discord/0.0.39/modules/pending/discord_voice-1.zip: 43%
2023-12-21T23:26:27.423Z [Modules] Streaming discord_voice@1 to /home/leonardo/.config/discord/0.0.39/modules/pending/discord_voice-1.zip: 44%
2023-12-21T23:26:27.426Z [Modules] Streaming discord_voice@1 to /home/leonardo/.config/discord/0.0.39/modules/pending/discord_voice-1.zip: 45%
2023-12-21T23:26:27.429Z [Modules] Streaming discord_voice@1 to /home/leonardo/.config/discord/0.0.39/modules/pending/discord_voice-1.zip: 46%
2023-12-21T23:26:27.431Z [Modules] Streaming discord_voice@1 to /home/leonardo/.config/discord/0.0.39/modules/pending/discord_voice-1.zip: 47%
2023-12-21T23:26:27.433Z [Modules] Streaming discord_voice@1 to /home/leonardo/.config/discord/0.0.39/modules/pending/discord_voice-1.zip: 48%
2023-12-21T23:26:27.436Z [Modules] Streaming discord_voice@1 to /home/leonardo/.config/discord/0.0.39/modules/pending/discord_voice-1.zip: 49%
2023-12-21T23:26:27.438Z [Modules] Streaming discord_voice@1 to /home/leonardo/.config/discord/0.0.39/modules/pending/discord_voice-1.zip: 50%
2023-12-21T23:26:27.440Z [Modules] Streaming discord_voice@1 to /home/leonardo/.config/discord/0.0.39/modules/pending/discord_voice-1.zip: 51%
2023-12-21T23:26:27.442Z [Modules] Streaming discord_voice@1 to /home/leonardo/.config/discord/0.0.39/modules/pending/discord_voice-1.zip: 52%
2023-12-21T23:26:27.451Z [Modules] Streaming discord_voice@1 to /home/leonardo/.config/discord/0.0.39/modules/pending/discord_voice-1.zip: 53%
2023-12-21T23:26:27.453Z [Modules] Streaming discord_voice@1 to /home/leonardo/.config/discord/0.0.39/modules/pending/discord_voice-1.zip: 54%
2023-12-21T23:26:27.454Z [Modules] Streaming discord_voice@1 to /home/leonardo/.config/discord/0.0.39/modules/pending/discord_voice-1.zip: 55%
2023-12-21T23:26:27.461Z [Modules] Streaming discord_voice@1 to /home/leonardo/.config/discord/0.0.39/modules/pending/discord_voice-1.zip: 56%
2023-12-21T23:26:27.461Z [Modules] Streaming discord_voice@1 to /home/leonardo/.config/discord/0.0.39/modules/pending/discord_voice-1.zip: 57%
2023-12-21T23:26:27.463Z [Modules] Streaming discord_voice@1 to /home/leonardo/.config/discord/0.0.39/modules/pending/discord_voice-1.zip: 58%
2023-12-21T23:26:27.464Z [Modules] Streaming discord_voice@1 to /home/leonardo/.config/discord/0.0.39/modules/pending/discord_voice-1.zip: 59%
2023-12-21T23:26:27.466Z [Modules] Streaming discord_voice@1 to /home/leonardo/.config/discord/0.0.39/modules/pending/discord_voice-1.zip: 60%
2023-12-21T23:26:27.468Z [Modules] Streaming discord_voice@1 to /home/leonardo/.config/discord/0.0.39/modules/pending/discord_voice-1.zip: 61%
2023-12-21T23:26:27.471Z [Modules] Streaming discord_voice@1 to /home/leonardo/.config/discord/0.0.39/modules/pending/discord_voice-1.zip: 62%
2023-12-21T23:26:27.474Z [Modules] Streaming discord_voice@1 to /home/leonardo/.config/discord/0.0.39/modules/pending/discord_voice-1.zip: 63%
2023-12-21T23:26:27.475Z [Modules] Streaming discord_voice@1 to /home/leonardo/.config/discord/0.0.39/modules/pending/discord_voice-1.zip: 64%
2023-12-21T23:26:27.476Z [Modules] Streaming discord_voice@1 to /home/leonardo/.config/discord/0.0.39/modules/pending/discord_voice-1.zip: 65%
2023-12-21T23:26:27.482Z [Modules] Streaming discord_voice@1 to /home/leonardo/.config/discord/0.0.39/modules/pending/discord_voice-1.zip: 66%
2023-12-21T23:26:27.484Z [Modules] Streaming discord_voice@1 to /home/leonardo/.config/discord/0.0.39/modules/pending/discord_voice-1.zip: 67%
2023-12-21T23:26:27.487Z [Modules] Streaming discord_voice@1 to /home/leonardo/.config/discord/0.0.39/modules/pending/discord_voice-1.zip: 68%
2023-12-21T23:26:27.489Z [Modules] Streaming discord_voice@1 to /home/leonardo/.config/discord/0.0.39/modules/pending/discord_voice-1.zip: 69%
2023-12-21T23:26:27.490Z [Modules] Streaming discord_voice@1 to /home/leonardo/.config/discord/0.0.39/modules/pending/discord_voice-1.zip: 70%
2023-12-21T23:26:27.493Z [Modules] Streaming discord_voice@1 to /home/leonardo/.config/discord/0.0.39/modules/pending/discord_voice-1.zip: 71%
2023-12-21T23:26:27.495Z [Modules] Streaming discord_voice@1 to /home/leonardo/.config/discord/0.0.39/modules/pending/discord_voice-1.zip: 72%
2023-12-21T23:26:27.498Z [Modules] Streaming discord_voice@1 to /home/leonardo/.config/discord/0.0.39/modules/pending/discord_voice-1.zip: 73%
2023-12-21T23:26:27.501Z [Modules] Streaming discord_voice@1 to /home/leonardo/.config/discord/0.0.39/modules/pending/discord_voice-1.zip: 74%
2023-12-21T23:26:27.502Z [Modules] Streaming discord_voice@1 to /home/leonardo/.config/discord/0.0.39/modules/pending/discord_voice-1.zip: 75%
2023-12-21T23:26:27.504Z [Modules] Streaming discord_voice@1 to /home/leonardo/.config/discord/0.0.39/modules/pending/discord_voice-1.zip: 76%
2023-12-21T23:26:27.508Z [Modules] Streaming discord_voice@1 to /home/leonardo/.config/discord/0.0.39/modules/pending/discord_voice-1.zip: 77%
2023-12-21T23:26:27.509Z [Modules] Streaming discord_voice@1 to /home/leonardo/.config/discord/0.0.39/modules/pending/discord_voice-1.zip: 78%
2023-12-21T23:26:27.510Z [Modules] Streaming discord_voice@1 to /home/leonardo/.config/discord/0.0.39/modules/pending/discord_voice-1.zip: 79%
2023-12-21T23:26:27.511Z [Modules] Streaming discord_voice@1 to /home/leonardo/.config/discord/0.0.39/modules/pending/discord_voice-1.zip: 80%
2023-12-21T23:26:27.513Z [Modules] Streaming discord_voice@1 to /home/leonardo/.config/discord/0.0.39/modules/pending/discord_voice-1.zip: 81%
2023-12-21T23:26:27.516Z [Modules] Streaming discord_voice@1 to /home/leonardo/.config/discord/0.0.39/modules/pending/discord_voice-1.zip: 82%
2023-12-21T23:26:27.518Z [Modules] Streaming discord_voice@1 to /home/leonardo/.config/discord/0.0.39/modules/pending/discord_voice-1.zip: 83%
2023-12-21T23:26:27.520Z [Modules] Streaming discord_voice@1 to /home/leonardo/.config/discord/0.0.39/modules/pending/discord_voice-1.zip: 84%
2023-12-21T23:26:27.523Z [Modules] Streaming discord_voice@1 to /home/leonardo/.config/discord/0.0.39/modules/pending/discord_voice-1.zip: 85%
2023-12-21T23:26:27.532Z [Modules] Streaming discord_voice@1 to /home/leonardo/.config/discord/0.0.39/modules/pending/discord_voice-1.zip: 86%
2023-12-21T23:26:27.533Z [Modules] Streaming discord_voice@1 to /home/leonardo/.config/discord/0.0.39/modules/pending/discord_voice-1.zip: 87%
2023-12-21T23:26:27.535Z [Modules] Streaming discord_voice@1 to /home/leonardo/.config/discord/0.0.39/modules/pending/discord_voice-1.zip: 88%
2023-12-21T23:26:27.535Z [Modules] Streaming discord_voice@1 to /home/leonardo/.config/discord/0.0.39/modules/pending/discord_voice-1.zip: 89%
2023-12-21T23:26:27.536Z [Modules] Streaming discord_voice@1 to /home/leonardo/.config/discord/0.0.39/modules/pending/discord_voice-1.zip: 90%
2023-12-21T23:26:27.537Z [Modules] Streaming discord_voice@1 to /home/leonardo/.config/discord/0.0.39/modules/pending/discord_voice-1.zip: 91%
2023-12-21T23:26:27.545Z [Modules] Streaming discord_voice@1 to /home/leonardo/.config/discord/0.0.39/modules/pending/discord_voice-1.zip: 92%
2023-12-21T23:26:27.547Z [Modules] Streaming discord_voice@1 to /home/leonardo/.config/discord/0.0.39/modules/pending/discord_voice-1.zip: 93%
2023-12-21T23:26:27.550Z [Modules] Streaming discord_voice@1 to /home/leonardo/.config/discord/0.0.39/modules/pending/discord_voice-1.zip: 94%
2023-12-21T23:26:27.551Z [Modules] Streaming discord_voice@1 to /home/leonardo/.config/discord/0.0.39/modules/pending/discord_voice-1.zip: 95%
2023-12-21T23:26:27.554Z [Modules] Streaming discord_voice@1 to /home/leonardo/.config/discord/0.0.39/modules/pending/discord_voice-1.zip: 96%
2023-12-21T23:26:27.556Z [Modules] Streaming discord_voice@1 to /home/leonardo/.config/discord/0.0.39/modules/pending/discord_voice-1.zip: 97%
2023-12-21T23:26:27.557Z [Modules] Streaming discord_voice@1 to /home/leonardo/.config/discord/0.0.39/modules/pending/discord_voice-1.zip: 98%
2023-12-21T23:26:27.560Z [Modules] Streaming discord_voice@1 to /home/leonardo/.config/discord/0.0.39/modules/pending/discord_voice-1.zip: 99%
2023-12-21T23:26:27.562Z [Modules] Streaming discord_voice@1 to /home/leonardo/.config/discord/0.0.39/modules/pending/discord_voice-1.zip: 100%
2023-12-21T23:26:27.563Z [Modules] Finished module downloads. [success: 5] [failure: 0]
2023-12-21T23:26:27.563Z [Modules] Installing updates...
2023-12-21T23:26:27.563Z [Modules] Installing discord_desktop_core@1 from /home/leonardo/.config/discord/0.0.39/modules/pending/discord_desktop_core-1.zip
2023-12-21T23:26:27.615Z [Modules] Installing discord_erlpack@1 from /home/leonardo/.config/discord/0.0.39/modules/pending/discord_erlpack-1.zip
2023-12-21T23:26:27.662Z [Modules] Installing discord_spellcheck@1 from /home/leonardo/.config/discord/0.0.39/modules/pending/discord_spellcheck-1.zip
2023-12-21T23:26:28.083Z [Modules] Installing discord_utils@1 from /home/leonardo/.config/discord/0.0.39/modules/pending/discord_utils-1.zip
2023-12-21T23:26:28.162Z [Modules] Installing discord_voice@1 from /home/leonardo/.config/discord/0.0.39/modules/pending/discord_voice-1.zip
2023-12-21T23:26:28.675Z [Modules] Finished module installations. [success: 5] [failure: 0]
2023-12-21T23:26:28.675Z [Modules] Checking for host updates.
2023-12-21T23:26:28.865Z [Modules] Host is up to date.
2023-12-21T23:26:28.865Z [Modules] Checking for module updates at https://discord.com/api/modules/stable/versions.json
2023-12-21T23:26:28.867Z [Modules] No module updates available.
2023-12-21T23:26:29.704Z [Modules] Starting to install discord_krisp...
2023-12-21T23:26:29.704Z [Modules] Fetching discord_krisp@1 from https://discord.com/api/modules/stable/discord_krisp/1
2023-12-21T23:26:29.705Z [Modules] Streaming discord_krisp@1 to /home/leonardo/.config/discord/0.0.39/modules/pending/discord_krisp-1.zip
2023-12-21T23:26:29.710Z [Modules] Starting to install discord_game_utils...
2023-12-21T23:26:30.034Z [Modules] Streaming discord_krisp@1 to /home/leonardo/.config/discord/0.0.39/modules/pending/discord_krisp-1.zip: 1%
2023-12-21T23:26:30.035Z [Modules] Streaming discord_krisp@1 to /home/leonardo/.config/discord/0.0.39/modules/pending/discord_krisp-1.zip: 2%
2023-12-21T23:26:30.037Z [Modules] Streaming discord_krisp@1 to /home/leonardo/.config/discord/0.0.39/modules/pending/discord_krisp-1.zip: 3%
2023-12-21T23:26:30.039Z [Modules] Streaming discord_krisp@1 to /home/leonardo/.config/discord/0.0.39/modules/pending/discord_krisp-1.zip: 4%
2023-12-21T23:26:30.041Z [Modules] Streaming discord_krisp@1 to /home/leonardo/.config/discord/0.0.39/modules/pending/discord_krisp-1.zip: 5%
2023-12-21T23:26:30.043Z [Modules] Streaming discord_krisp@1 to /home/leonardo/.config/discord/0.0.39/modules/pending/discord_krisp-1.zip: 6%
2023-12-21T23:26:30.045Z [Modules] Streaming discord_krisp@1 to /home/leonardo/.config/discord/0.0.39/modules/pending/discord_krisp-1.zip: 7%
2023-12-21T23:26:30.047Z [Modules] Streaming discord_krisp@1 to /home/leonardo/.config/discord/0.0.39/modules/pending/discord_krisp-1.zip: 8%
2023-12-21T23:26:30.049Z [Modules] Streaming discord_krisp@1 to /home/leonardo/.config/discord/0.0.39/modules/pending/discord_krisp-1.zip: 9%
2023-12-21T23:26:30.051Z [Modules] Streaming discord_krisp@1 to /home/leonardo/.config/discord/0.0.39/modules/pending/discord_krisp-1.zip: 10%
2023-12-21T23:26:30.053Z [Modules] Streaming discord_krisp@1 to /home/leonardo/.config/discord/0.0.39/modules/pending/discord_krisp-1.zip: 11%
2023-12-21T23:26:30.056Z [Modules] Streaming discord_krisp@1 to /home/leonardo/.config/discord/0.0.39/modules/pending/discord_krisp-1.zip: 12%
2023-12-21T23:26:30.057Z [Modules] Streaming discord_krisp@1 to /home/leonardo/.config/discord/0.0.39/modules/pending/discord_krisp-1.zip: 13%
2023-12-21T23:26:30.059Z [Modules] Streaming discord_krisp@1 to /home/leonardo/.config/discord/0.0.39/modules/pending/discord_krisp-1.zip: 14%
2023-12-21T23:26:30.062Z [Modules] Streaming discord_krisp@1 to /home/leonardo/.config/discord/0.0.39/modules/pending/discord_krisp-1.zip: 15%
2023-12-21T23:26:30.065Z [Modules] Streaming discord_krisp@1 to /home/leonardo/.config/discord/0.0.39/modules/pending/discord_krisp-1.zip: 16%
2023-12-21T23:26:30.066Z [Modules] Streaming discord_krisp@1 to /home/leonardo/.config/discord/0.0.39/modules/pending/discord_krisp-1.zip: 17%
2023-12-21T23:26:30.067Z [Modules] Streaming discord_krisp@1 to /home/leonardo/.config/discord/0.0.39/modules/pending/discord_krisp-1.zip: 18%
2023-12-21T23:26:30.071Z [Modules] Streaming discord_krisp@1 to /home/leonardo/.config/discord/0.0.39/modules/pending/discord_krisp-1.zip: 19%
2023-12-21T23:26:30.072Z [Modules] Streaming discord_krisp@1 to /home/leonardo/.config/discord/0.0.39/modules/pending/discord_krisp-1.zip: 20%
2023-12-21T23:26:30.073Z [Modules] Streaming discord_krisp@1 to /home/leonardo/.config/discord/0.0.39/modules/pending/discord_krisp-1.zip: 21%
2023-12-21T23:26:30.077Z [Modules] Streaming discord_krisp@1 to /home/leonardo/.config/discord/0.0.39/modules/pending/discord_krisp-1.zip: 22%
2023-12-21T23:26:30.078Z [Modules] Streaming discord_krisp@1 to /home/leonardo/.config/discord/0.0.39/modules/pending/discord_krisp-1.zip: 23%
2023-12-21T23:26:30.079Z [Modules] Streaming discord_krisp@1 to /home/leonardo/.config/discord/0.0.39/modules/pending/discord_krisp-1.zip: 24%
2023-12-21T23:26:30.081Z [Modules] Streaming discord_krisp@1 to /home/leonardo/.config/discord/0.0.39/modules/pending/discord_krisp-1.zip: 25%
2023-12-21T23:26:30.083Z [Modules] Streaming discord_krisp@1 to /home/leonardo/.config/discord/0.0.39/modules/pending/discord_krisp-1.zip: 26%
2023-12-21T23:26:30.085Z [Modules] Streaming discord_krisp@1 to /home/leonardo/.config/discord/0.0.39/modules/pending/discord_krisp-1.zip: 27%
2023-12-21T23:26:30.087Z [Modules] Streaming discord_krisp@1 to /home/leonardo/.config/discord/0.0.39/modules/pending/discord_krisp-1.zip: 28%
2023-12-21T23:26:30.089Z [Modules] Streaming discord_krisp@1 to /home/leonardo/.config/discord/0.0.39/modules/pending/discord_krisp-1.zip: 29%
2023-12-21T23:26:30.091Z [Modules] Streaming discord_krisp@1 to /home/leonardo/.config/discord/0.0.39/modules/pending/discord_krisp-1.zip: 30%
2023-12-21T23:26:30.093Z [Modules] Streaming discord_krisp@1 to /home/leonardo/.config/discord/0.0.39/modules/pending/discord_krisp-1.zip: 31%
2023-12-21T23:26:30.095Z [Modules] Streaming discord_krisp@1 to /home/leonardo/.config/discord/0.0.39/modules/pending/discord_krisp-1.zip: 32%
2023-12-21T23:26:30.097Z [Modules] Streaming discord_krisp@1 to /home/leonardo/.config/discord/0.0.39/modules/pending/discord_krisp-1.zip: 33%
2023-12-21T23:26:30.099Z [Modules] Streaming discord_krisp@1 to /home/leonardo/.config/discord/0.0.39/modules/pending/discord_krisp-1.zip: 34%
2023-12-21T23:26:30.101Z [Modules] Streaming discord_krisp@1 to /home/leonardo/.config/discord/0.0.39/modules/pending/discord_krisp-1.zip: 35%
2023-12-21T23:26:30.103Z [Modules] Streaming discord_krisp@1 to /home/leonardo/.config/discord/0.0.39/modules/pending/discord_krisp-1.zip: 36%
2023-12-21T23:26:30.111Z [Modules] Streaming discord_krisp@1 to /home/leonardo/.config/discord/0.0.39/modules/pending/discord_krisp-1.zip: 37%
2023-12-21T23:26:30.113Z [Modules] Streaming discord_krisp@1 to /home/leonardo/.config/discord/0.0.39/modules/pending/discord_krisp-1.zip: 38%
2023-12-21T23:26:30.115Z [Modules] Streaming discord_krisp@1 to /home/leonardo/.config/discord/0.0.39/modules/pending/discord_krisp-1.zip: 39%
2023-12-21T23:26:30.117Z [Modules] Streaming discord_krisp@1 to /home/leonardo/.config/discord/0.0.39/modules/pending/discord_krisp-1.zip: 40%
2023-12-21T23:26:30.118Z [Modules] Streaming discord_krisp@1 to /home/leonardo/.config/discord/0.0.39/modules/pending/discord_krisp-1.zip: 41%
2023-12-21T23:26:30.119Z [Modules] Streaming discord_krisp@1 to /home/leonardo/.config/discord/0.0.39/modules/pending/discord_krisp-1.zip: 42%
2023-12-21T23:26:30.119Z [Modules] Streaming discord_krisp@1 to /home/leonardo/.config/discord/0.0.39/modules/pending/discord_krisp-1.zip: 43%
2023-12-21T23:26:30.126Z [Modules] Streaming discord_krisp@1 to /home/leonardo/.config/discord/0.0.39/modules/pending/discord_krisp-1.zip: 44%
2023-12-21T23:26:30.128Z [Modules] Streaming discord_krisp@1 to /home/leonardo/.config/discord/0.0.39/modules/pending/discord_krisp-1.zip: 45%
2023-12-21T23:26:30.129Z [Modules] Streaming discord_krisp@1 to /home/leonardo/.config/discord/0.0.39/modules/pending/discord_krisp-1.zip: 46%
2023-12-21T23:26:30.130Z [Modules] Streaming discord_krisp@1 to /home/leonardo/.config/discord/0.0.39/modules/pending/discord_krisp-1.zip: 47%
2023-12-21T23:26:30.133Z [Modules] Streaming discord_krisp@1 to /home/leonardo/.config/discord/0.0.39/modules/pending/discord_krisp-1.zip: 48%
2023-12-21T23:26:30.134Z [Modules] Streaming discord_krisp@1 to /home/leonardo/.config/discord/0.0.39/modules/pending/discord_krisp-1.zip: 49%
2023-12-21T23:26:30.139Z [Modules] Streaming discord_krisp@1 to /home/leonardo/.config/discord/0.0.39/modules/pending/discord_krisp-1.zip: 50%
2023-12-21T23:26:30.140Z [Modules] Streaming discord_krisp@1 to /home/leonardo/.config/discord/0.0.39/modules/pending/discord_krisp-1.zip: 51%
2023-12-21T23:26:30.141Z [Modules] Streaming discord_krisp@1 to /home/leonardo/.config/discord/0.0.39/modules/pending/discord_krisp-1.zip: 52%
2023-12-21T23:26:30.145Z [Modules] Streaming discord_krisp@1 to /home/leonardo/.config/discord/0.0.39/modules/pending/discord_krisp-1.zip: 53%
2023-12-21T23:26:30.147Z [Modules] Streaming discord_krisp@1 to /home/leonardo/.config/discord/0.0.39/modules/pending/discord_krisp-1.zip: 54%
2023-12-21T23:26:30.150Z [Modules] Streaming discord_krisp@1 to /home/leonardo/.config/discord/0.0.39/modules/pending/discord_krisp-1.zip: 55%
2023-12-21T23:26:30.151Z [Modules] Streaming discord_krisp@1 to /home/leonardo/.config/discord/0.0.39/modules/pending/discord_krisp-1.zip: 56%
2023-12-21T23:26:30.153Z [Modules] Streaming discord_krisp@1 to /home/leonardo/.config/discord/0.0.39/modules/pending/discord_krisp-1.zip: 57%
2023-12-21T23:26:30.156Z [Modules] Streaming discord_krisp@1 to /home/leonardo/.config/discord/0.0.39/modules/pending/discord_krisp-1.zip: 58%
2023-12-21T23:26:30.158Z [Modules] Streaming discord_krisp@1 to /home/leonardo/.config/discord/0.0.39/modules/pending/discord_krisp-1.zip: 59%
2023-12-21T23:26:30.160Z [Modules] Streaming discord_krisp@1 to /home/leonardo/.config/discord/0.0.39/modules/pending/discord_krisp-1.zip: 60%
2023-12-21T23:26:30.163Z [Modules] Streaming discord_krisp@1 to /home/leonardo/.config/discord/0.0.39/modules/pending/discord_krisp-1.zip: 61%
2023-12-21T23:26:30.164Z [Modules] Streaming discord_krisp@1 to /home/leonardo/.config/discord/0.0.39/modules/pending/discord_krisp-1.zip: 62%
2023-12-21T23:26:30.166Z [Modules] Streaming discord_krisp@1 to /home/leonardo/.config/discord/0.0.39/modules/pending/discord_krisp-1.zip: 63%
2023-12-21T23:26:30.171Z [Modules] Streaming discord_krisp@1 to /home/leonardo/.config/discord/0.0.39/modules/pending/discord_krisp-1.zip: 64%
2023-12-21T23:26:30.172Z [Modules] Streaming discord_krisp@1 to /home/leonardo/.config/discord/0.0.39/modules/pending/discord_krisp-1.zip: 66%
2023-12-21T23:26:30.174Z [Modules] Streaming discord_krisp@1 to /home/leonardo/.config/discord/0.0.39/modules/pending/discord_krisp-1.zip: 67%
2023-12-21T23:26:30.178Z [Modules] Streaming discord_krisp@1 to /home/leonardo/.config/discord/0.0.39/modules/pending/discord_krisp-1.zip: 68%
2023-12-21T23:26:30.180Z [Modules] Streaming discord_krisp@1 to /home/leonardo/.config/discord/0.0.39/modules/pending/discord_krisp-1.zip: 69%
2023-12-21T23:26:30.183Z [Modules] Streaming discord_krisp@1 to /home/leonardo/.config/discord/0.0.39/modules/pending/discord_krisp-1.zip: 70%
2023-12-21T23:26:30.184Z [Modules] Streaming discord_krisp@1 to /home/leonardo/.config/discord/0.0.39/modules/pending/discord_krisp-1.zip: 71%
2023-12-21T23:26:30.186Z [Modules] Streaming discord_krisp@1 to /home/leonardo/.config/discord/0.0.39/modules/pending/discord_krisp-1.zip: 72%
2023-12-21T23:26:30.188Z [Modules] Streaming discord_krisp@1 to /home/leonardo/.config/discord/0.0.39/modules/pending/discord_krisp-1.zip: 73%
2023-12-21T23:26:30.191Z [Modules] Streaming discord_krisp@1 to /home/leonardo/.config/discord/0.0.39/modules/pending/discord_krisp-1.zip: 74%
2023-12-21T23:26:30.194Z [Modules] Streaming discord_krisp@1 to /home/leonardo/.config/discord/0.0.39/modules/pending/discord_krisp-1.zip: 75%
2023-12-21T23:26:30.195Z [Modules] Streaming discord_krisp@1 to /home/leonardo/.config/discord/0.0.39/modules/pending/discord_krisp-1.zip: 76%
2023-12-21T23:26:30.197Z [Modules] Streaming discord_krisp@1 to /home/leonardo/.config/discord/0.0.39/modules/pending/discord_krisp-1.zip: 77%
2023-12-21T23:26:30.201Z [Modules] Streaming discord_krisp@1 to /home/leonardo/.config/discord/0.0.39/modules/pending/discord_krisp-1.zip: 78%
2023-12-21T23:26:30.202Z [Modules] Streaming discord_krisp@1 to /home/leonardo/.config/discord/0.0.39/modules/pending/discord_krisp-1.zip: 79%
2023-12-21T23:26:30.204Z [Modules] Streaming discord_krisp@1 to /home/leonardo/.config/discord/0.0.39/modules/pending/discord_krisp-1.zip: 80%
2023-12-21T23:26:30.206Z [Modules] Streaming discord_krisp@1 to /home/leonardo/.config/discord/0.0.39/modules/pending/discord_krisp-1.zip: 81%
2023-12-21T23:26:30.208Z [Modules] Streaming discord_krisp@1 to /home/leonardo/.config/discord/0.0.39/modules/pending/discord_krisp-1.zip: 82%
2023-12-21T23:26:30.211Z [Modules] Streaming discord_krisp@1 to /home/leonardo/.config/discord/0.0.39/modules/pending/discord_krisp-1.zip: 83%
2023-12-21T23:26:30.213Z [Modules] Streaming discord_krisp@1 to /home/leonardo/.config/discord/0.0.39/modules/pending/discord_krisp-1.zip: 84%
2023-12-21T23:26:30.216Z [Modules] Streaming discord_krisp@1 to /home/leonardo/.config/discord/0.0.39/modules/pending/discord_krisp-1.zip: 85%
2023-12-21T23:26:30.218Z [Modules] Streaming discord_krisp@1 to /home/leonardo/.config/discord/0.0.39/modules/pending/discord_krisp-1.zip: 86%
2023-12-21T23:26:30.220Z [Modules] Streaming discord_krisp@1 to /home/leonardo/.config/discord/0.0.39/modules/pending/discord_krisp-1.zip: 87%
2023-12-21T23:26:30.222Z [Modules] Checking for host updates.
2023-12-21T23:26:30.222Z [Modules] Streaming discord_krisp@1 to /home/leonardo/.config/discord/0.0.39/modules/pending/discord_krisp-1.zip: 88%
2023-12-21T23:26:30.225Z [Modules] Streaming discord_krisp@1 to /home/leonardo/.config/discord/0.0.39/modules/pending/discord_krisp-1.zip: 89%
2023-12-21T23:26:30.227Z [Modules] Streaming discord_krisp@1 to /home/leonardo/.config/discord/0.0.39/modules/pending/discord_krisp-1.zip: 90%
2023-12-21T23:26:30.229Z [Modules] Streaming discord_krisp@1 to /home/leonardo/.config/discord/0.0.39/modules/pending/discord_krisp-1.zip: 91%
2023-12-21T23:26:30.231Z [Modules] Streaming discord_krisp@1 to /home/leonardo/.config/discord/0.0.39/modules/pending/discord_krisp-1.zip: 92%
2023-12-21T23:26:30.234Z [Modules] Streaming discord_krisp@1 to /home/leonardo/.config/discord/0.0.39/modules/pending/discord_krisp-1.zip: 93%
2023-12-21T23:26:30.235Z [Modules] Streaming discord_krisp@1 to /home/leonardo/.config/discord/0.0.39/modules/pending/discord_krisp-1.zip: 94%
2023-12-21T23:26:30.238Z [Modules] Streaming discord_krisp@1 to /home/leonardo/.config/discord/0.0.39/modules/pending/discord_krisp-1.zip: 95%
2023-12-21T23:26:30.240Z [Modules] Streaming discord_krisp@1 to /home/leonardo/.config/discord/0.0.39/modules/pending/discord_krisp-1.zip: 96%
2023-12-21T23:26:30.241Z [Modules] Streaming discord_krisp@1 to /home/leonardo/.config/discord/0.0.39/modules/pending/discord_krisp-1.zip: 97%
2023-12-21T23:26:30.242Z [Modules] Streaming discord_krisp@1 to /home/leonardo/.config/discord/0.0.39/modules/pending/discord_krisp-1.zip: 98%
2023-12-21T23:26:30.243Z [Modules] Streaming discord_krisp@1 to /home/leonardo/.config/discord/0.0.39/modules/pending/discord_krisp-1.zip: 99%
2023-12-21T23:26:30.244Z [Modules] Streaming discord_krisp@1 to /home/leonardo/.config/discord/0.0.39/modules/pending/discord_krisp-1.zip: 100%
2023-12-21T23:26:30.245Z [Modules] Fetching discord_game_utils@1 from https://discord.com/api/modules/stable/discord_game_utils/1
2023-12-21T23:26:30.245Z [Modules] Streaming discord_game_utils@1 to /home/leonardo/.config/discord/0.0.39/modules/pending/discord_game_utils-1.zip
2023-12-21T23:26:30.245Z [Modules] Installing discord_krisp@1 from /home/leonardo/.config/discord/0.0.39/modules/pending/discord_krisp-1.zip
2023-12-21T23:26:30.285Z [Modules] Starting to install discord_rpc...
2023-12-21T23:26:30.554Z [Modules] Host is up to date.
2023-12-21T23:26:30.554Z [Modules] Checking for module updates at https://discord.com/api/modules/stable/versions.json
2023-12-21T23:26:30.556Z [Modules] No module updates available.
2023-12-21T23:26:30.728Z [Modules] Finished module installations. [success: 1] [failure: 0]
2023-12-21T23:26:30.841Z [Modules] Streaming discord_game_utils@1 to /home/leonardo/.config/discord/0.0.39/modules/pending/discord_game_utils-1.zip: 2%
2023-12-21T23:26:30.842Z [Modules] Streaming discord_game_utils@1 to /home/leonardo/.config/discord/0.0.39/modules/pending/discord_game_utils-1.zip: 5%
2023-12-21T23:26:30.842Z [Modules] Streaming discord_game_utils@1 to /home/leonardo/.config/discord/0.0.39/modules/pending/discord_game_utils-1.zip: 6%
2023-12-21T23:26:30.842Z [Modules] Streaming discord_game_utils@1 to /home/leonardo/.config/discord/0.0.39/modules/pending/discord_game_utils-1.zip: 8%
2023-12-21T23:26:30.843Z [Modules] Streaming discord_game_utils@1 to /home/leonardo/.config/discord/0.0.39/modules/pending/discord_game_utils-1.zip: 10%
2023-12-21T23:26:30.843Z [Modules] Streaming discord_game_utils@1 to /home/leonardo/.config/discord/0.0.39/modules/pending/discord_game_utils-1.zip: 13%
2023-12-21T23:26:30.844Z [Modules] Streaming discord_game_utils@1 to /home/leonardo/.config/discord/0.0.39/modules/pending/discord_game_utils-1.zip: 16%
2023-12-21T23:26:30.844Z [Modules] Streaming discord_game_utils@1 to /home/leonardo/.config/discord/0.0.39/modules/pending/discord_game_utils-1.zip: 18%
2023-12-21T23:26:30.845Z [Modules] Streaming discord_game_utils@1 to /home/leonardo/.config/discord/0.0.39/modules/pending/discord_game_utils-1.zip: 19%
2023-12-21T23:26:30.845Z [Modules] Streaming discord_game_utils@1 to /home/leonardo/.config/discord/0.0.39/modules/pending/discord_game_utils-1.zip: 21%
2023-12-21T23:26:30.845Z [Modules] Streaming discord_game_utils@1 to /home/leonardo/.config/discord/0.0.39/modules/pending/discord_game_utils-1.zip: 23%
2023-12-21T23:26:30.846Z [Modules] Streaming discord_game_utils@1 to /home/leonardo/.config/discord/0.0.39/modules/pending/discord_game_utils-1.zip: 26%
2023-12-21T23:26:30.847Z [Modules] Streaming discord_game_utils@1 to /home/leonardo/.config/discord/0.0.39/modules/pending/discord_game_utils-1.zip: 29%
2023-12-21T23:26:30.847Z [Modules] Streaming discord_game_utils@1 to /home/leonardo/.config/discord/0.0.39/modules/pending/discord_game_utils-1.zip: 31%
2023-12-21T23:26:30.848Z [Modules] Streaming discord_game_utils@1 to /home/leonardo/.config/discord/0.0.39/modules/pending/discord_game_utils-1.zip: 32%
2023-12-21T23:26:30.848Z [Modules] Streaming discord_game_utils@1 to /home/leonardo/.config/discord/0.0.39/modules/pending/discord_game_utils-1.zip: 34%
2023-12-21T23:26:30.848Z [Modules] Streaming discord_game_utils@1 to /home/leonardo/.config/discord/0.0.39/modules/pending/discord_game_utils-1.zip: 36%
2023-12-21T23:26:30.849Z [Modules] Streaming discord_game_utils@1 to /home/leonardo/.config/discord/0.0.39/modules/pending/discord_game_utils-1.zip: 39%
2023-12-21T23:26:30.849Z [Modules] Streaming discord_game_utils@1 to /home/leonardo/.config/discord/0.0.39/modules/pending/discord_game_utils-1.zip: 40%
2023-12-21T23:26:30.850Z [Modules] Streaming discord_game_utils@1 to /home/leonardo/.config/discord/0.0.39/modules/pending/discord_game_utils-1.zip: 41%
2023-12-21T23:26:30.850Z [Modules] Streaming discord_game_utils@1 to /home/leonardo/.config/discord/0.0.39/modules/pending/discord_game_utils-1.zip: 44%
2023-12-21T23:26:30.851Z [Modules] Streaming discord_game_utils@1 to /home/leonardo/.config/discord/0.0.39/modules/pending/discord_game_utils-1.zip: 45%
2023-12-21T23:26:30.851Z [Modules] Streaming discord_game_utils@1 to /home/leonardo/.config/discord/0.0.39/modules/pending/discord_game_utils-1.zip: 48%
2023-12-21T23:26:30.852Z [Modules] Streaming discord_game_utils@1 to /home/leonardo/.config/discord/0.0.39/modules/pending/discord_game_utils-1.zip: 49%
2023-12-21T23:26:30.852Z [Modules] Streaming discord_game_utils@1 to /home/leonardo/.config/discord/0.0.39/modules/pending/discord_game_utils-1.zip: 52%
2023-12-21T23:26:30.853Z [Modules] Streaming discord_game_utils@1 to /home/leonardo/.config/discord/0.0.39/modules/pending/discord_game_utils-1.zip: 53%
2023-12-21T23:26:30.853Z [Modules] Streaming discord_game_utils@1 to /home/leonardo/.config/discord/0.0.39/modules/pending/discord_game_utils-1.zip: 54%
2023-12-21T23:26:30.853Z [Modules] Streaming discord_game_utils@1 to /home/leonardo/.config/discord/0.0.39/modules/pending/discord_game_utils-1.zip: 56%
2023-12-21T23:26:30.854Z [Modules] Streaming discord_game_utils@1 to /home/leonardo/.config/discord/0.0.39/modules/pending/discord_game_utils-1.zip: 59%
2023-12-21T23:26:30.863Z [Modules] Streaming discord_game_utils@1 to /home/leonardo/.config/discord/0.0.39/modules/pending/discord_game_utils-1.zip: 62%
2023-12-21T23:26:30.863Z [Modules] Streaming discord_game_utils@1 to /home/leonardo/.config/discord/0.0.39/modules/pending/discord_game_utils-1.zip: 65%
2023-12-21T23:26:30.864Z [Modules] Streaming discord_game_utils@1 to /home/leonardo/.config/discord/0.0.39/modules/pending/discord_game_utils-1.zip: 66%
2023-12-21T23:26:30.864Z [Modules] Streaming discord_game_utils@1 to /home/leonardo/.config/discord/0.0.39/modules/pending/discord_game_utils-1.zip: 67%
2023-12-21T23:26:30.864Z [Modules] Streaming discord_game_utils@1 to /home/leonardo/.config/discord/0.0.39/modules/pending/discord_game_utils-1.zip: 69%
2023-12-21T23:26:30.865Z [Modules] Streaming discord_game_utils@1 to /home/leonardo/.config/discord/0.0.39/modules/pending/discord_game_utils-1.zip: 72%
2023-12-21T23:26:30.865Z [Modules] Streaming discord_game_utils@1 to /home/leonardo/.config/discord/0.0.39/modules/pending/discord_game_utils-1.zip: 75%
2023-12-21T23:26:30.866Z [Modules] Streaming discord_game_utils@1 to /home/leonardo/.config/discord/0.0.39/modules/pending/discord_game_utils-1.zip: 77%
2023-12-21T23:26:30.867Z [Modules] Streaming discord_game_utils@1 to /home/leonardo/.config/discord/0.0.39/modules/pending/discord_game_utils-1.zip: 80%
2023-12-21T23:26:30.867Z [Modules] Streaming discord_game_utils@1 to /home/leonardo/.config/discord/0.0.39/modules/pending/discord_game_utils-1.zip: 82%
2023-12-21T23:26:30.868Z [Modules] Streaming discord_game_utils@1 to /home/leonardo/.config/discord/0.0.39/modules/pending/discord_game_utils-1.zip: 83%
2023-12-21T23:26:30.868Z [Modules] Streaming discord_game_utils@1 to /home/leonardo/.config/discord/0.0.39/modules/pending/discord_game_utils-1.zip: 86%
2023-12-21T23:26:30.869Z [Modules] Streaming discord_game_utils@1 to /home/leonardo/.config/discord/0.0.39/modules/pending/discord_game_utils-1.zip: 87%
2023-12-21T23:26:30.869Z [Modules] Streaming discord_game_utils@1 to /home/leonardo/.config/discord/0.0.39/modules/pending/discord_game_utils-1.zip: 88%
2023-12-21T23:26:30.869Z [Modules] Streaming discord_game_utils@1 to /home/leonardo/.config/discord/0.0.39/modules/pending/discord_game_utils-1.zip: 90%
2023-12-21T23:26:30.870Z [Modules] Streaming discord_game_utils@1 to /home/leonardo/.config/discord/0.0.39/modules/pending/discord_game_utils-1.zip: 93%
2023-12-21T23:26:30.870Z [Modules] Streaming discord_game_utils@1 to /home/leonardo/.config/discord/0.0.39/modules/pending/discord_game_utils-1.zip: 95%
2023-12-21T23:26:30.871Z [Modules] Streaming discord_game_utils@1 to /home/leonardo/.config/discord/0.0.39/modules/pending/discord_game_utils-1.zip: 98%
2023-12-21T23:26:30.871Z [Modules] Streaming discord_game_utils@1 to /home/leonardo/.config/discord/0.0.39/modules/pending/discord_game_utils-1.zip: 100%
2023-12-21T23:26:30.872Z [Modules] Fetching discord_rpc@1 from https://discord.com/api/modules/stable/discord_rpc/1
2023-12-21T23:26:30.872Z [Modules] Streaming discord_rpc@1 to /home/leonardo/.config/discord/0.0.39/modules/pending/discord_rpc-1.zip
2023-12-21T23:26:30.872Z [Modules] Installing discord_game_utils@1 from /home/leonardo/.config/discord/0.0.39/modules/pending/discord_game_utils-1.zip
2023-12-21T23:26:30.919Z [Modules] Finished module installations. [success: 1] [failure: 0]
2023-12-21T23:26:31.189Z [Modules] Streaming discord_rpc@1 to /home/leonardo/.config/discord/0.0.39/modules/pending/discord_rpc-1.zip: 100%
2023-12-21T23:26:31.190Z [Modules] Finished module downloads. [success: 3] [failure: 0]
2023-12-21T23:26:31.190Z [Modules] Installing discord_rpc@1 from /home/leonardo/.config/discord/0.0.39/modules/pending/discord_rpc-1.zip
2023-12-21T23:26:31.201Z [Modules] Finished module installations. [success: 1] [failure: 0]
2023-12-21T23:33:17.448Z [Modules] Modules initializing
2023-12-21T23:33:17.448Z [Modules] Distribution: remote
2023-12-21T23:33:17.448Z [Modules] Host updates: enabled
2023-12-21T23:33:17.448Z [Modules] Module updates: enabled
2023-12-21T23:33:17.449Z [Modules] Module install path: /home/leonardo/.config/discord/0.0.39/modules
2023-12-21T23:33:17.449Z [Modules] Module installed file path: /home/leonardo/.config/discord/0.0.39/modules/installed.json
2023-12-21T23:33:17.449Z [Modules] Module download path: /home/leonardo/.config/discord/0.0.39/modules/pending
2023-12-21T23:33:17.615Z [Modules] No updates to install
2023-12-21T23:33:17.615Z [Modules] Checking for host updates.
2023-12-21T23:33:17.850Z [Modules] Host is up to date.
2023-12-21T23:33:17.851Z [Modules] Checking for module updates at https://discord.com/api/modules/stable/versions.json
2023-12-21T23:33:17.871Z [Modules] No module updates available.
2023-12-21T23:33:19.380Z [Modules] Checking for host updates.
2023-12-21T23:33:19.932Z [Modules] Host is up to date.
2023-12-21T23:33:19.932Z [Modules] Checking for module updates at https://discord.com/api/modules/stable/versions.json
2023-12-21T23:33:19.934Z [Modules] No module updates available.
